Started by user [8mha:AAAAlh+LCAAAAAAAAP9b85aBtbiIQTGjNKU4P08vOT+vOD8nVc83PyU1x6OyILUoJzMv2y+/JJUBAhiZGBgqihhk0NSjKDWzXb3RdlLBUSYGJk8GtpzUvPSSDB8G5tKinBIGIZ+sxLJE/ZzEvHT94JKizLx0a6BxUmjGOUNodHsLgAzOEgYu/dLi1CL9vNKcHACFIKlWvwAAAA==[0manonymous
Building in workspace C:\Users\Administrator\.jenkins\jobs\Household Production - Save Quote Load\workspace
[workspace] $ cmd.exe /C '"C:\apache-ant-1.5.2\bin\ant.bat && exit %%ERRORLEVEL%%"'
Buildfile: build.xml

[8mha:AAAAYB+LCAAAAAAAAP9b85aBtbiIQT6jNKU4P0+vJLE4u1gvPjGvRM8xryQksSg9tcQvvyTVvqNr/s+Vl9uYGBgqihikoKqT8/OK83NS9ZwhNEghAwQwghQWAADROOumXQAAAA==[0mbuild:
   [jmeter] Executing test plan: C:\Users\Administrator\Desktop\Test-Plans\Household Production - Save Quote Load\Production - Save Quote -1.jmx ==> C:\Users\Administrator\.jenkins\jobs\Household Production - Save Quote Load\workspace
   [jmeter] Creating summariser <summary>
   [jmeter] Created the tree successfully using C:\Users\Administrator\Desktop\Test-Plans\Household Production - Save Quote Load\Production - Save Quote -1.jmx
   [jmeter] Starting the test @ Thu Oct 02 16:09:23 UTC 2014 (1412266163974)
   [jmeter] Waiting for possible shutdown message on port 4445
   [jmeter] summary +     13 in  35.2s =    0.4/s Avg: 21045 Min: 20996 Max: 21263 Err:    13 (100.00%) Active: 31 Started: 31 Finished: 0
   [jmeter] summary +     46 in    50s =    0.9/s Avg: 21005 Min: 20995 Max: 21017 Err:    46 (100.00%) Active: 50 Started: 50 Finished: 0
   [jmeter] summary =     59 in    65s =    0.9/s Avg: 21014 Min: 20995 Max: 21263 Err:    59 (100.00%)
   [jmeter] summary +     69 in    50s =    1.4/s Avg: 21003 Min: 20994 Max: 21019 Err:    69 (100.00%) Active: 50 Started: 50 Finished: 0
   [jmeter] summary =    128 in  94.3s =    1.4/s Avg: 21008 Min: 20994 Max: 21263 Err:   128 (100.00%)
   [jmeter] summary +     71 in  51.3s =    1.4/s Avg: 21002 Min: 20992 Max: 21019 Err:    71 (100.00%) Active: 50 Started: 50 Finished: 0
   [jmeter] summary =    199 in   125s =    1.6/s Avg: 21006 Min: 20992 Max: 21263 Err:   199 (100.00%)
   [jmeter] summary +     71 in  51.1s =    1.4/s Avg: 21002 Min: 20993 Max: 21018 Err:    71 (100.00%) Active: 50 Started: 50 Finished: 0
   [jmeter] summary =    270 in   156s =    1.7/s Avg: 21005 Min: 20992 Max: 21263 Err:   270 (100.00%)
   [jmeter] summary +     69 in    50s =    1.4/s Avg: 21003 Min: 20992 Max: 21013 Err:    69 (100.00%) Active: 50 Started: 50 Finished: 0
   [jmeter] summary =    339 in   184s =    1.8/s Avg: 21004 Min: 20992 Max: 21263 Err:   339 (100.00%)
   [jmeter] summary +     69 in    51s =    1.4/s Avg: 21002 Min: 20992 Max: 21018 Err:    69 (100.00%) Active: 48 Started: 50 Finished: 2
   [jmeter] summary =    408 in   214s =    1.9/s Avg: 21004 Min: 20992 Max: 21263 Err:   408 (100.00%)
   [jmeter] summary +     62 in  49.3s =    1.3/s Avg: 21002 Min: 20993 Max: 21017 Err:    62 (100.00%) Active: 25 Started: 50 Finished: 25
   [jmeter] summary =    470 in   244s =    1.9/s Avg: 21004 Min: 20992 Max: 21263 Err:   470 (100.00%)
   [jmeter] summary +     30 in    49s =    0.6/s Avg: 21003 Min: 20995 Max: 21011 Err:    30 (100.00%) Active: 0 Started: 50 Finished: 50
   [jmeter] summary =    500 in   273s =    1.8/s Avg: 21004 Min: 20992 Max: 21263 Err:   500 (100.00%)
   [jmeter] Tidying up ...    @ Thu Oct 02 16:13:58 UTC 2014 (1412266438968)
   [jmeter] ... end of run
     [xslt] Processing C:\Users\Administrator\.jenkins\jobs\Household Production - Save Quote Load\workspace\results\*.jtl to C:\Users\Administrator\.jenkins\jobs\Household Production - Save Quote Load\workspace\results\JMeterResults.html
     [xslt] Loading stylesheet C:\Users\Administrator\Desktop\apache-jmeter-2.11\extras\jmeter-results-report_21.xsl
     [xslt] Warning:  org.apache.xerces.parsers.SAXParser: http://www.oracle.com/xml/jaxp/properties/entityExpansionLimit
     [xslt] : Warning! WARNING:  'org.apache.xerces.jaxp.SAXParserImpl: http://javax.xml.XMLConstants/property/accessExternalDTD'
     [xslt] Failed to process C:\Users\Administrator\.jenkins\jobs\Household Production - Save Quote Load\workspace\results\*.jtl

[8mha:AAAAYB+LCAAAAAAAAP9b85aBtbiIQSGjNKU4P0+vJLE4u1gvPjGvRM8xr8S/tCQ5PzfVL78ktUuDM0uMry+HiYGhoohBCqo8OT+vOD8nVc8ZQoMUMkAAI0hhAQAUXUdTXgAAAA==[0mBUILD FAILED
file:C:/Users/Administrator/.jenkins/jobs/Household%20Production%20-%20Save%20Quote%20Load/workspace/build.xml:16: java.io.FileNotFoundException: C:\Users\Administrator\.jenkins\jobs\Household Production - Save Quote Load\workspace\results\*.jtl (The filename, directory name, or volume label syntax is incorrect)

Total time: 4 minutes 37 seconds
Build step 'Invoke Ant' marked build as failure
Performance: Percentage of errors greater or equal than 15% sets the build as unstable
Performance: Percentage of errors greater or equal than 40% sets the build as failure



Performance: Recording JMeter reports '**/*.jtl'
Sending e-mails to: hamza.razzak@collinsongroup.com
ERROR: 530-5.5.1 Authentication Required. Learn more at
530 5.5.1 http://support.google.com/mail/bin/answer.py?answer=14257 po6sm4058919pbb.56 - gsmtp

[8mha:AAAAWB+LCAAAAAAAAP9b85aBtbiIQSmjNKU4P08vOT+vOD8nVc8DzHWtSE4tKMnMz/PLL0ldFVf2c+b/lb5MDAwVRQxSaBqcITRIIQMEMIIUFgAAckCEiWAAAAA=[0mcom.sun.mail.smtp.SMTPSendFailedException: 530-5.5.1 Authentication Required. Learn more at
530 5.5.1 http://support.google.com/mail/bin/answer.py?answer=14257 po6sm4058919pbb.56 - gsmtp

	at com.sun.mail.smtp.SMTPTransport.issueSendCommand(SMTPTransport.java:2057)
	at com.sun.mail.smtp.SMTPTransport.mailFrom(SMTPTransport.java:1580)
	at com.sun.mail.smtp.SMTPTransport.sendMessage(SMTPTransport.java:1097)
	at javax.mail.Transport.send0(Transport.java:195)
	at javax.mail.Transport.send(Transport.java:124)
	at hudson.tasks.MailSender.execute(MailSender.java:121)
	at hudson.tasks.Mailer.perform(Mailer.java:138)
	at hudson.tasks.BuildStepMonitor$1.perform(BuildStepMonitor.java:20)
	at hudson.model.AbstractBuild$AbstractBuildExecution.perform(AbstractBuild.java:770)
	at hudson.model.AbstractBuild$AbstractBuildExecution.performAllBuildSteps(AbstractBuild.java:734)
	at hudson.model.Build$BuildExecution.post2(Build.java:183)
	at hudson.model.AbstractBuild$AbstractBuildExecution.post(AbstractBuild.java:683)
	at hudson.model.Run.execute(Run.java:1770)
	at hudson.model.FreeStyleBuild.run(FreeStyleBuild.java:43)
	at hudson.model.ResourceController.execute(ResourceController.java:89)
	at hudson.model.Executor.run(Executor.java:240)
Finished: FAILURE
